# Logfile created on 2013-08-13 17:18:41 +0800 by logger.rb/36483
I, [2013/08/13(17:18:41)#8461]  INFO -- (listen.rb,85): start listening...
I, [2013/08/13(17:19:59)#8476]  INFO -- (listen.rb,85): start listening...
I, [2013/08/13(17:34:40)#8559]  INFO -- (listen.rb,85): start listening...
I, [2013/08/13(17:34:46)#8559]  INFO -- : (listen.rb,166),Client_Port(43797) in:(0820,6,C,4,11111111111111, 822,26001234,000822018880001,CMDEND)
cmdType(0820)
fieldCnt(6)
dlType(C)
traceNum(4)
bankID(11111111111111)
TID( 822)
MID(26001234)
SN(000822018880001)
CMDEND(CMDEND)
out:(0830,1,e3:logon request Bank ID( 822) was not support,CMDEND)

I, [2013/08/13(17:34:47)#8559]  INFO -- : (listen.rb,166),Client_Port(43799) in:(0820,6,C,1,11111111111111, 822,26001234,000822018880001,CMDEND)
cmdType(0820)
fieldCnt(6)
dlType(C)
traceNum(1)
bankID(11111111111111)
TID( 822)
MID(26001234)
SN(000822018880001)
CMDEND(CMDEND)
out:(0830,1,e3:logon request Bank ID( 822) was not support,CMDEND)

I, [2013/08/13(17:34:48)#8559]  INFO -- : (listen.rb,166),Client_Port(43798) in:(0820,6,C,2,11111111111111, 822,26001234,000822018880001,CMDEND)
cmdType(0820)
fieldCnt(6)
dlType(C)
traceNum(2)
bankID(11111111111111)
TID( 822)
MID(26001234)
SN(000822018880001)
CMDEND(CMDEND)
out:(0830,1,e3:logon request Bank ID( 822) was not support,CMDEND)

I, [2013/08/13(17:34:48)#8559]  INFO -- : (listen.rb,166),Client_Port(43801) in:(0820,6,C,7,11111111111111, 822,26001234,000822018880001,CMDEND)
cmdType(0820)
fieldCnt(6)
dlType(C)
traceNum(7)
bankID(11111111111111)
TID( 822)
MID(26001234)
SN(000822018880001)
CMDEND(CMDEND)
out:(0830,1,e3:logon request Bank ID( 822) was not support,CMDEND)

I, [2013/08/13(17:34:49)#8559]  INFO -- : (listen.rb,166),Client_Port(43800) in:(0820,6,C,6,11111111111111, 822,26001234,000822018880001,CMDEND)
cmdType(0820)
fieldCnt(6)
dlType(C)
traceNum(6)
bankID(11111111111111)
TID( 822)
MID(26001234)
SN(000822018880001)
CMDEND(CMDEND)
out:(0830,1,e3:logon request Bank ID( 822) was not support,CMDEND)

I, [2013/08/13(17:34:49)#8559]  INFO -- : (listen.rb,166),Client_Port(43802) in:(0820,6,C,9,11111111111111, 822,26001234,000822018880001,CMDEND)
cmdType(0820)
fieldCnt(6)
dlType(C)
traceNum(9)
bankID(11111111111111)
TID( 822)
MID(26001234)
SN(000822018880001)
CMDEND(CMDEND)
out:(0830,1,e3:logon request Bank ID( 822) was not support,CMDEND)

I, [2013/08/13(17:34:50)#8559]  INFO -- : (listen.rb,166),Client_Port(43803) in:(0820,6,C,0,11111111111111, 822,26001234,000822018880001,CMDEND)
cmdType(0820)
fieldCnt(6)
dlType(C)
traceNum(0)
bankID(11111111111111)
TID( 822)
MID(26001234)
SN(000822018880001)
CMDEND(CMDEND)
out:(0830,1,e3:logon request Bank ID( 822) was not support,CMDEND)

I, [2013/08/13(17:34:50)#8559]  INFO -- : (listen.rb,166),Client_Port(43804) in:(0820,6,C,8,11111111111111, 822,26001234,000822018880001,CMDEND)
cmdType(0820)
fieldCnt(6)
dlType(C)
traceNum(8)
bankID(11111111111111)
TID( 822)
MID(26001234)
SN(000822018880001)
CMDEND(CMDEND)
out:(0830,1,e3:logon request Bank ID( 822) was not support,CMDEND)

I, [2013/08/13(17:34:51)#8559]  INFO -- : (listen.rb,166),Client_Port(43806) in:(0820,6,C,3,11111111111111, 822,26001234,000822018880001,CMDEND)
cmdType(0820)
fieldCnt(6)
dlType(C)
traceNum(3)
bankID(11111111111111)
TID( 822)
MID(26001234)
SN(000822018880001)
CMDEND(CMDEND)
out:(0830,1,e3:logon request Bank ID( 822) was not support,CMDEND)

I, [2013/08/13(17:34:52)#8559]  INFO -- : (listen.rb,166),Client_Port(43805) in:(0820,6,C,5,11111111111111, 822,26001234,000822018880001,CMDEND)
cmdType(0820)
fieldCnt(6)
dlType(C)
traceNum(5)
bankID(11111111111111)
TID( 822)
MID(26001234)
SN(000822018880001)
CMDEND(CMDEND)
out:(0830,1,e3:logon request Bank ID( 822) was not support,CMDEND)

I, [2013/08/13(17:35:27)#8559]  INFO -- : (listen.rb,166),Client_Port(43807) in:(0820,6,C,4,11111111111111,822,26001234,000822018880001,CMDEND)
cmdType(0820)
fieldCnt(6)
dlType(C)
traceNum(4)
bankID(11111111111111)
TID(822)
MID(26001234)
SN(000822018880001)
CMDEND(CMDEND)
out:(0830,1,e3:logon request Bank ID(822) was not support,CMDEND)

I, [2013/08/13(17:35:28)#8559]  INFO -- : (listen.rb,166),Client_Port(43810) in:(0820,6,C,8,11111111111111,822,26001234,000822018880001,CMDEND)
cmdType(0820)
fieldCnt(6)
dlType(C)
traceNum(8)
bankID(11111111111111)
TID(822)
MID(26001234)
SN(000822018880001)
CMDEND(CMDEND)
out:(0830,1,e3:logon request Bank ID(822) was not support,CMDEND)

I, [2013/08/13(17:35:28)#8559]  INFO -- : (listen.rb,166),Client_Port(43808) in:(0820,6,C,2,11111111111111,822,26001234,000822018880001,CMDEND)
cmdType(0820)
fieldCnt(6)
dlType(C)
traceNum(2)
bankID(11111111111111)
TID(822)
MID(26001234)
SN(000822018880001)
CMDEND(CMDEND)
out:(0830,1,e3:logon request Bank ID(822) was not support,CMDEND)

I, [2013/08/13(17:35:29)#8559]  INFO -- : (listen.rb,166),Client_Port(43809) in:(0820,6,C,6,11111111111111,822,26001234,000822018880001,CMDEND)
cmdType(0820)
fieldCnt(6)
dlType(C)
traceNum(6)
bankID(11111111111111)
TID(822)
MID(26001234)
SN(000822018880001)
CMDEND(CMDEND)
out:(0830,1,e3:logon request Bank ID(822) was not support,CMDEND)

I, [2013/08/13(17:35:30)#8559]  INFO -- : (listen.rb,166),Client_Port(43812) in:(0820,6,C,5,11111111111111,822,26001234,000822018880001,CMDEND)
cmdType(0820)
fieldCnt(6)
dlType(C)
traceNum(5)
bankID(11111111111111)
TID(822)
MID(26001234)
SN(000822018880001)
CMDEND(CMDEND)
out:(0830,1,e3:logon request Bank ID(822) was not support,CMDEND)

I, [2013/08/13(17:35:30)#8559]  INFO -- : (listen.rb,166),Client_Port(43811) in:(0820,6,C,0,11111111111111,822,26001234,000822018880001,CMDEND)
cmdType(0820)
fieldCnt(6)
dlType(C)
traceNum(0)
bankID(11111111111111)
TID(822)
MID(26001234)
SN(000822018880001)
CMDEND(CMDEND)
out:(0830,1,e3:logon request Bank ID(822) was not support,CMDEND)

I, [2013/08/13(17:35:31)#8559]  INFO -- : (listen.rb,166),Client_Port(43813) in:(0820,6,C,7,11111111111111,822,26001234,000822018880001,CMDEND)
cmdType(0820)
fieldCnt(6)
dlType(C)
traceNum(7)
bankID(11111111111111)
TID(822)
MID(26001234)
SN(000822018880001)
CMDEND(CMDEND)
out:(0830,1,e3:logon request Bank ID(822) was not support,CMDEND)

I, [2013/08/13(17:35:31)#8559]  INFO -- : (listen.rb,166),Client_Port(43815) in:(0820,6,C,3,11111111111111,822,26001234,000822018880001,CMDEND)
cmdType(0820)
fieldCnt(6)
dlType(C)
traceNum(3)
bankID(11111111111111)
TID(822)
MID(26001234)
SN(000822018880001)
CMDEND(CMDEND)
out:(0830,1,e3:logon request Bank ID(822) was not support,CMDEND)

I, [2013/08/13(17:35:32)#8559]  INFO -- : (listen.rb,166),Client_Port(43814) in:(0820,6,C,9,11111111111111,822,26001234,000822018880001,CMDEND)
cmdType(0820)
fieldCnt(6)
dlType(C)
traceNum(9)
bankID(11111111111111)
TID(822)
MID(26001234)
SN(000822018880001)
CMDEND(CMDEND)
out:(0830,1,e3:logon request Bank ID(822) was not support,CMDEND)

I, [2013/08/13(17:35:33)#8559]  INFO -- : (listen.rb,166),Client_Port(43816) in:(0820,6,C,1,11111111111111,822,26001234,000822018880001,CMDEND)
cmdType(0820)
fieldCnt(6)
dlType(C)
traceNum(1)
bankID(11111111111111)
TID(822)
MID(26001234)
SN(000822018880001)
CMDEND(CMDEND)
out:(0830,1,e3:logon request Bank ID(822) was not support,CMDEND)

I, [2013/08/13(17:39:24)#8660]  INFO -- (listen.rb,85): start listening...
I, [2013/08/13(17:39:28)#8660]  INFO -- : (listen.rb,166),Client_Port(43819) in:(0820,6,C,6,11111111111111,822,26001234,000822018880001,CMDEND)
cmdType(0820)
fieldCnt(6)
dlType(C)
traceNum(6)
bankID(11111111111111)
TID(822)
MID(26001234)
SN(000822018880001)
CMDEND(CMDEND)
out:(0830,1,00,CMDEND)

I, [2013/08/13(17:39:29)#8660]  INFO -- : (listen.rb,166),Client_Port(43820) in:(0820,6,C,8,11111111111111,822,26001234,000822018880001,CMDEND)
cmdType(0820)
fieldCnt(6)
dlType(C)
traceNum(8)
bankID(11111111111111)
TID(822)
MID(26001234)
SN(000822018880001)
CMDEND(CMDEND)
out:(0830,1,00,CMDEND)

I, [2013/08/13(17:39:29)#8660]  INFO -- : (listen.rb,166),Client_Port(43818) in:(0820,6,C,2,11111111111111,822,26001234,000822018880001,CMDEND)
cmdType(0820)
fieldCnt(6)
dlType(C)
traceNum(2)
bankID(11111111111111)
TID(822)
MID(26001234)
SN(000822018880001)
CMDEND(CMDEND)
out:(0830,1,00,CMDEND)

I, [2013/08/13(17:39:30)#8660]  INFO -- : (listen.rb,166),Client_Port(43821) in:(0820,6,C,0,11111111111111,822,26001234,000822018880001,CMDEND)
cmdType(0820)
fieldCnt(6)
dlType(C)
traceNum(0)
bankID(11111111111111)
TID(822)
MID(26001234)
SN(000822018880001)
CMDEND(CMDEND)
out:(0830,1,00,CMDEND)

I, [2013/08/13(17:39:30)#8660]  INFO -- : (listen.rb,166),Client_Port(43817) in:(0820,6,C,4,11111111111111,822,26001234,000822018880001,CMDEND)
cmdType(0820)
fieldCnt(6)
dlType(C)
traceNum(4)
bankID(11111111111111)
TID(822)
MID(26001234)
SN(000822018880001)
CMDEND(CMDEND)
out:(0830,1,00,CMDEND)

I, [2013/08/13(17:39:31)#8660]  INFO -- : (listen.rb,166),Client_Port(43822) in:(0820,6,C,5,11111111111111,822,26001234,000822018880001,CMDEND)
cmdType(0820)
fieldCnt(6)
dlType(C)
traceNum(5)
bankID(11111111111111)
TID(822)
MID(26001234)
SN(000822018880001)
CMDEND(CMDEND)
out:(0830,1,00,CMDEND)

I, [2013/08/13(17:39:31)#8660]  INFO -- : (listen.rb,166),Client_Port(43824) in:(0820,6,C,9,11111111111111,822,26001234,000822018880001,CMDEND)
cmdType(0820)
fieldCnt(6)
dlType(C)
traceNum(9)
bankID(11111111111111)
TID(822)
MID(26001234)
SN(000822018880001)
CMDEND(CMDEND)
out:(0830,1,00,CMDEND)

I, [2013/08/13(17:39:32)#8660]  INFO -- : (listen.rb,166),Client_Port(43825) in:(0820,6,C,3,11111111111111,822,26001234,000822018880001,CMDEND)
cmdType(0820)
fieldCnt(6)
dlType(C)
traceNum(3)
bankID(11111111111111)
TID(822)
MID(26001234)
SN(000822018880001)
CMDEND(CMDEND)
out:(0830,1,00,CMDEND)

I, [2013/08/13(17:39:32)#8660]  INFO -- : (listen.rb,166),Client_Port(43823) in:(0820,6,C,7,11111111111111,822,26001234,000822018880001,CMDEND)
cmdType(0820)
fieldCnt(6)
dlType(C)
traceNum(7)
bankID(11111111111111)
TID(822)
MID(26001234)
SN(000822018880001)
CMDEND(CMDEND)
out:(0830,1,00,CMDEND)

I, [2013/08/13(17:39:33)#8660]  INFO -- : (listen.rb,166),Client_Port(43826) in:(0820,6,C,1,11111111111111,822,26001234,000822018880001,CMDEND)
cmdType(0820)
fieldCnt(6)
dlType(C)
traceNum(1)
bankID(11111111111111)
TID(822)
MID(26001234)
SN(000822018880001)
CMDEND(CMDEND)
out:(0830,1,00,CMDEND)

I, [2013/08/13(17:42:29)#8716]  INFO -- (listen.rb,87): start listening...
I, [2013/08/13(17:42:35)#8716]  INFO -- : (listen.rb,168),Client_Port(43827) in:(0820,6,C,4,11111111111111,822,26001234,000822018880001,CMDEND)
cmdType(0820)
fieldCnt(6)
dlType(C)
traceNum(4)
dateTime(11111111111111)
bankID(822)
TID(26001234)
MID(000822018880001)
CMDEND(CMDEND)
out:(0830,1,00,CMDEND)

I, [2013/08/13(17:42:35)#8716]  INFO -- : (listen.rb,168),Client_Port(43831) in:(0820,6,C,0,11111111111111,822,26001234,000822018880001,CMDEND)
cmdType(0820)
fieldCnt(6)
dlType(C)
traceNum(0)
dateTime(11111111111111)
bankID(822)
TID(26001234)
MID(000822018880001)
CMDEND(CMDEND)
out:(0830,1,00,CMDEND)

I, [2013/08/13(17:42:36)#8716]  INFO -- : (listen.rb,168),Client_Port(43830) in:(0820,6,C,8,11111111111111,822,26001234,000822018880001,CMDEND)
cmdType(0820)
fieldCnt(6)
dlType(C)
traceNum(8)
dateTime(11111111111111)
bankID(822)
TID(26001234)
MID(000822018880001)
CMDEND(CMDEND)
out:(0830,1,00,CMDEND)

I, [2013/08/13(17:42:36)#8716]  INFO -- : (listen.rb,168),Client_Port(43829) in:(0820,6,C,6,11111111111111,822,26001234,000822018880001,CMDEND)
cmdType(0820)
fieldCnt(6)
dlType(C)
traceNum(6)
dateTime(11111111111111)
bankID(822)
TID(26001234)
MID(000822018880001)
CMDEND(CMDEND)
out:(0830,1,00,CMDEND)

I, [2013/08/13(17:42:37)#8716]  INFO -- : (listen.rb,168),Client_Port(43828) in:(0820,6,C,2,11111111111111,822,26001234,000822018880001,CMDEND)
cmdType(0820)
fieldCnt(6)
dlType(C)
traceNum(2)
dateTime(11111111111111)
bankID(822)
TID(26001234)
MID(000822018880001)
CMDEND(CMDEND)
out:(0830,1,00,CMDEND)

I, [2013/08/13(17:42:37)#8716]  INFO -- : (listen.rb,168),Client_Port(43833) in:(0820,6,C,9,11111111111111,822,26001234,000822018880001,CMDEND)
cmdType(0820)
fieldCnt(6)
dlType(C)
traceNum(9)
dateTime(11111111111111)
bankID(822)
TID(26001234)
MID(000822018880001)
CMDEND(CMDEND)
out:(0830,1,00,CMDEND)

I, [2013/08/13(17:42:38)#8716]  INFO -- : (listen.rb,168),Client_Port(43835) in:(0820,6,C,5,11111111111111,822,26001234,000822018880001,CMDEND)
cmdType(0820)
fieldCnt(6)
dlType(C)
traceNum(5)
dateTime(11111111111111)
bankID(822)
TID(26001234)
MID(000822018880001)
CMDEND(CMDEND)
out:(0830,1,00,CMDEND)

I, [2013/08/13(17:42:38)#8716]  INFO -- : (listen.rb,168),Client_Port(43832) in:(0820,6,C,7,11111111111111,822,26001234,000822018880001,CMDEND)
cmdType(0820)
fieldCnt(6)
dlType(C)
traceNum(7)
dateTime(11111111111111)
bankID(822)
TID(26001234)
MID(000822018880001)
CMDEND(CMDEND)
out:(0830,1,00,CMDEND)

I, [2013/08/13(17:42:39)#8716]  INFO -- : (listen.rb,168),Client_Port(43834) in:(0820,6,C,3,11111111111111,822,26001234,000822018880001,CMDEND)
cmdType(0820)
fieldCnt(6)
dlType(C)
traceNum(3)
dateTime(11111111111111)
bankID(822)
TID(26001234)
MID(000822018880001)
CMDEND(CMDEND)
out:(0830,1,00,CMDEND)

I, [2013/08/13(17:42:39)#8716]  INFO -- : (listen.rb,168),Client_Port(43836) in:(0820,6,C,1,11111111111111,822,26001234,000822018880001,CMDEND)
cmdType(0820)
fieldCnt(6)
dlType(C)
traceNum(1)
dateTime(11111111111111)
bankID(822)
TID(26001234)
MID(000822018880001)
CMDEND(CMDEND)
out:(0830,1,00,CMDEND)

I, [2013/08/13(17:43:43)#8766]  INFO -- (listen.rb,88): start listening...
I, [2013/08/13(17:43:46)#8766]  INFO -- : (listen.rb,169),Client_Port(43838) in:(0820,6,C,1,11111111111111,822,26001234,000822018880001,CMDEND)
cmdType(0820)
fieldCnt(6)
dlType(C)
traceNum(1)
dateTime(11111111111111)
bankID(822)
TID(26001234)
MID(000822018880001)
CMDEND(CMDEND)
out:(0830,1,00,CMDEND)

I, [2013/08/13(17:43:47)#8766]  INFO -- : (listen.rb,169),Client_Port(43841) in:(0820,6,C,3,11111111111111,822,26001234,000822018880001,CMDEND)
cmdType(0820)
fieldCnt(6)
dlType(C)
traceNum(3)
dateTime(11111111111111)
bankID(822)
TID(26001234)
MID(000822018880001)
CMDEND(CMDEND)
out:(0830,1,00,CMDEND)

I, [2013/08/13(17:43:47)#8766]  INFO -- : (listen.rb,169),Client_Port(43839) in:(0820,6,C,2,11111111111111,822,26001234,000822018880001,CMDEND)
cmdType(0820)
fieldCnt(6)
dlType(C)
traceNum(2)
dateTime(11111111111111)
bankID(822)
TID(26001234)
MID(000822018880001)
CMDEND(CMDEND)
out:(0830,1,00,CMDEND)

I, [2013/08/13(17:43:48)#8766]  INFO -- : (listen.rb,169),Client_Port(43840) in:(0820,6,C,0,11111111111111,822,26001234,000822018880001,CMDEND)
cmdType(0820)
fieldCnt(6)
dlType(C)
traceNum(0)
dateTime(11111111111111)
bankID(822)
TID(26001234)
MID(000822018880001)
CMDEND(CMDEND)
out:(0830,1,00,CMDEND)

I, [2013/08/13(17:43:48)#8766]  INFO -- : (listen.rb,169),Client_Port(43842) in:(0820,6,C,4,11111111111111,822,26001234,000822018880001,CMDEND)
cmdType(0820)
fieldCnt(6)
dlType(C)
traceNum(4)
dateTime(11111111111111)
bankID(822)
TID(26001234)
MID(000822018880001)
CMDEND(CMDEND)
out:(0830,1,00,CMDEND)

I, [2013/08/13(17:43:49)#8766]  INFO -- : (listen.rb,169),Client_Port(43845) in:(0820,6,C,7,11111111111111,822,26001234,000822018880001,CMDEND)
cmdType(0820)
fieldCnt(6)
dlType(C)
traceNum(7)
dateTime(11111111111111)
bankID(822)
TID(26001234)
MID(000822018880001)
CMDEND(CMDEND)
out:(0830,1,00,CMDEND)

I, [2013/08/13(17:43:49)#8766]  INFO -- : (listen.rb,169),Client_Port(43843) in:(0820,6,C,5,11111111111111,822,26001234,000822018880001,CMDEND)
cmdType(0820)
fieldCnt(6)
dlType(C)
traceNum(5)
dateTime(11111111111111)
bankID(822)
TID(26001234)
MID(000822018880001)
CMDEND(CMDEND)
out:(0830,1,00,CMDEND)

I, [2013/08/13(17:43:50)#8766]  INFO -- : (listen.rb,169),Client_Port(43844) in:(0820,6,C,6,11111111111111,822,26001234,000822018880001,CMDEND)
cmdType(0820)
fieldCnt(6)
dlType(C)
traceNum(6)
dateTime(11111111111111)
bankID(822)
TID(26001234)
MID(000822018880001)
CMDEND(CMDEND)
out:(0830,1,00,CMDEND)

I, [2013/08/13(17:43:50)#8766]  INFO -- : (listen.rb,169),Client_Port(43847) in:(0820,6,C,9,11111111111111,822,26001234,000822018880001,CMDEND)
cmdType(0820)
fieldCnt(6)
dlType(C)
traceNum(9)
dateTime(11111111111111)
bankID(822)
TID(26001234)
MID(000822018880001)
CMDEND(CMDEND)
out:(0830,1,00,CMDEND)

I, [2013/08/13(17:43:51)#8766]  INFO -- : (listen.rb,169),Client_Port(43846) in:(0820,6,C,8,11111111111111,822,26001234,000822018880001,CMDEND)
cmdType(0820)
fieldCnt(6)
dlType(C)
traceNum(8)
dateTime(11111111111111)
bankID(822)
TID(26001234)
MID(000822018880001)
CMDEND(CMDEND)
out:(0830,1,00,CMDEND)

I, [2013/08/13(17:44:39)#8766]  INFO -- : (listen.rb,169),Client_Port(43848) in:(0800,5,C,4,822,26001234,000822018880001,711-758-902,CMDEND)
cmdType(0800)
fieldCnt(5)
dlType(C)
traceNum(4)
bankID(822)
TID(26001234)
MID(000822018880001)
SN(711-758-902)
CMDEND(CMDEND)
out:(0810,6,00,4,20130813174438,822,822,/home/822/000822018880001/26001234,CMDEND)

I, [2013/08/13(17:44:39)#8766]  INFO -- : (listen.rb,169),Client_Port(43851) in:(0800,5,C,8,822,26001234,000822018880001,711-758-902,CMDEND)
cmdType(0800)
fieldCnt(5)
dlType(C)
traceNum(8)
bankID(822)
TID(26001234)
MID(000822018880001)
SN(711-758-902)
CMDEND(CMDEND)
out:(0810,6,00,8,20130813174438,822,822,/home/822/000822018880001/26001234,CMDEND)

I, [2013/08/13(17:44:40)#8766]  INFO -- : (listen.rb,169),Client_Port(43853) in:(0800,5,C,7,822,26001234,000822018880001,711-758-902,CMDEND)
cmdType(0800)
fieldCnt(5)
dlType(C)
traceNum(7)
bankID(822)
TID(26001234)
MID(000822018880001)
SN(711-758-902)
CMDEND(CMDEND)
out:(0810,6,00,7,20130813174438,822,822,/home/822/000822018880001/26001234,CMDEND)

I, [2013/08/13(17:44:40)#8766]  INFO -- : (listen.rb,169),Client_Port(43849) in:(0800,5,C,2,822,26001234,000822018880001,711-758-902,CMDEND)
cmdType(0800)
fieldCnt(5)
dlType(C)
traceNum(2)
bankID(822)
TID(26001234)
MID(000822018880001)
SN(711-758-902)
CMDEND(CMDEND)
out:(0810,6,00,2,20130813174438,822,822,/home/822/000822018880001/26001234,CMDEND)

I, [2013/08/13(17:44:41)#8766]  INFO -- : (listen.rb,169),Client_Port(43855) in:(0800,5,C,3,822,26001234,000822018880001,711-758-902,CMDEND)
cmdType(0800)
fieldCnt(5)
dlType(C)
traceNum(3)
bankID(822)
TID(26001234)
MID(000822018880001)
SN(711-758-902)
CMDEND(CMDEND)
out:(0810,6,00,3,20130813174438,822,822,/home/822/000822018880001/26001234,CMDEND)

I, [2013/08/13(17:44:41)#8766]  INFO -- : (listen.rb,169),Client_Port(43850) in:(0800,5,C,6,822,26001234,000822018880001,711-758-902,CMDEND)
cmdType(0800)
fieldCnt(5)
dlType(C)
traceNum(6)
bankID(822)
TID(26001234)
MID(000822018880001)
SN(711-758-902)
CMDEND(CMDEND)
out:(0810,6,00,6,20130813174438,822,822,/home/822/000822018880001/26001234,CMDEND)

I, [2013/08/13(17:44:42)#8766]  INFO -- : (listen.rb,169),Client_Port(43856) in:(0800,5,C,5,822,26001234,000822018880001,711-758-902,CMDEND)
cmdType(0800)
fieldCnt(5)
dlType(C)
traceNum(5)
bankID(822)
TID(26001234)
MID(000822018880001)
SN(711-758-902)
CMDEND(CMDEND)
out:(0810,6,00,5,20130813174438,822,822,/home/822/000822018880001/26001234,CMDEND)

I, [2013/08/13(17:44:42)#8766]  INFO -- : (listen.rb,169),Client_Port(43852) in:(0800,5,C,0,822,26001234,000822018880001,711-758-902,CMDEND)
cmdType(0800)
fieldCnt(5)
dlType(C)
traceNum(0)
bankID(822)
TID(26001234)
MID(000822018880001)
SN(711-758-902)
CMDEND(CMDEND)
out:(0810,6,00,0,20130813174438,822,822,/home/822/000822018880001/26001234,CMDEND)

I, [2013/08/13(17:44:43)#8766]  INFO -- : (listen.rb,169),Client_Port(43854) in:(0800,5,C,9,822,26001234,000822018880001,711-758-902,CMDEND)
cmdType(0800)
fieldCnt(5)
dlType(C)
traceNum(9)
bankID(822)
TID(26001234)
MID(000822018880001)
SN(711-758-902)
CMDEND(CMDEND)
out:(0810,6,00,9,20130813174438,822,822,/home/822/000822018880001/26001234,CMDEND)

I, [2013/08/13(17:44:43)#8766]  INFO -- : (listen.rb,169),Client_Port(43857) in:(0800,5,C,1,822,26001234,000822018880001,711-758-902,CMDEND)
cmdType(0800)
fieldCnt(5)
dlType(C)
traceNum(1)
bankID(822)
TID(26001234)
MID(000822018880001)
SN(711-758-902)
CMDEND(CMDEND)
out:(0810,6,00,1,20130813174438,822,822,/home/822/000822018880001/26001234,CMDEND)

I, [2013/08/13(17:45:31)#8766]  INFO -- : (listen.rb,169),Client_Port(43860) in:(0820,6,C,6,20130813174438,822,26001234,000822018880001,CMDEND)
cmdType(0820)
fieldCnt(6)
dlType(C)
traceNum(6)
dateTime(20130813174438)
bankID(822)
TID(26001234)
MID(000822018880001)
CMDEND(CMDEND)
out:(0830,1,00,CMDEND)

I, [2013/08/13(17:45:32)#8766]  INFO -- : (listen.rb,169),Client_Port(43859) in:(0820,6,C,2,20130813174438,822,26001234,000822018880001,CMDEND)
cmdType(0820)
fieldCnt(6)
dlType(C)
traceNum(2)
dateTime(20130813174438)
bankID(822)
TID(26001234)
MID(000822018880001)
CMDEND(CMDEND)
out:(0830,1,00,CMDEND)

I, [2013/08/13(17:45:32)#8766]  INFO -- : (listen.rb,169),Client_Port(43862) in:(0820,6,C,0,20130813174438,822,26001234,000822018880001,CMDEND)
cmdType(0820)
fieldCnt(6)
dlType(C)
traceNum(0)
dateTime(20130813174438)
bankID(822)
TID(26001234)
MID(000822018880001)
CMDEND(CMDEND)
out:(0830,1,00,CMDEND)

I, [2013/08/13(17:45:33)#8766]  INFO -- : (listen.rb,169),Client_Port(43858) in:(0820,6,C,4,20130813174438,822,26001234,000822018880001,CMDEND)
cmdType(0820)
fieldCnt(6)
dlType(C)
traceNum(4)
dateTime(20130813174438)
bankID(822)
TID(26001234)
MID(000822018880001)
CMDEND(CMDEND)
out:(0830,1,00,CMDEND)

I, [2013/08/13(17:45:33)#8766]  INFO -- : (listen.rb,169),Client_Port(43861) in:(0820,6,C,8,20130813174438,822,26001234,000822018880001,CMDEND)
cmdType(0820)
fieldCnt(6)
dlType(C)
traceNum(8)
dateTime(20130813174438)
bankID(822)
TID(26001234)
MID(000822018880001)
CMDEND(CMDEND)
out:(0830,1,00,CMDEND)

I, [2013/08/13(17:45:34)#8766]  INFO -- : (listen.rb,169),Client_Port(43863) in:(0820,6,C,5,20130813174438,822,26001234,000822018880001,CMDEND)
cmdType(0820)
fieldCnt(6)
dlType(C)
traceNum(5)
dateTime(20130813174438)
bankID(822)
TID(26001234)
MID(000822018880001)
CMDEND(CMDEND)
out:(0830,1,00,CMDEND)

I, [2013/08/13(17:45:34)#8766]  INFO -- : (listen.rb,169),Client_Port(43864) in:(0820,6,C,7,20130813174438,822,26001234,000822018880001,CMDEND)
cmdType(0820)
fieldCnt(6)
dlType(C)
traceNum(7)
dateTime(20130813174438)
bankID(822)
TID(26001234)
MID(000822018880001)
CMDEND(CMDEND)
out:(0830,1,00,CMDEND)

I, [2013/08/13(17:45:35)#8766]  INFO -- : (listen.rb,169),Client_Port(43865) in:(0820,6,C,9,20130813174438,822,26001234,000822018880001,CMDEND)
cmdType(0820)
fieldCnt(6)
dlType(C)
traceNum(9)
dateTime(20130813174438)
bankID(822)
TID(26001234)
MID(000822018880001)
CMDEND(CMDEND)
out:(0830,1,00,CMDEND)

I, [2013/08/13(17:45:35)#8766]  INFO -- : (listen.rb,169),Client_Port(43866) in:(0820,6,C,3,20130813174438,822,26001234,000822018880001,CMDEND)
cmdType(0820)
fieldCnt(6)
dlType(C)
traceNum(3)
dateTime(20130813174438)
bankID(822)
TID(26001234)
MID(000822018880001)
CMDEND(CMDEND)
out:(0830,1,00,CMDEND)

I, [2013/08/13(17:45:36)#8766]  INFO -- : (listen.rb,169),Client_Port(43867) in:(0820,6,C,1,20130813174438,822,26001234,000822018880001,CMDEND)
cmdType(0820)
fieldCnt(6)
dlType(C)
traceNum(1)
dateTime(20130813174438)
bankID(822)
TID(26001234)
MID(000822018880001)
CMDEND(CMDEND)
out:(0830,1,00,CMDEND)

