# Logfile created on 2013-08-14 11:31:39 +0800 by logger.rb/36483
I, [2013/08/14(11:31:39)#4698]  INFO -- (listen.rb,85): start listening...
I, [2013/08/14(11:33:21)#4698]  INFO -- : (listen.rb,166),Client_Port(55276) in:(0800,5,C,0,822,26001234,000822018880001,711-758-902,CMDEND)
cmdType(0800)
fieldCnt(5)
dlType(C)
traceNum(0)
bankID(822)
TID(26001234)
MID(000822018880001)
SN(711-758-902)
CMDEND(CMDEND)
out:(0810,6,00,0,20130814113321,822,822,/home/822/000822018880001/26001234,CMDEND)

I, [2013/08/14(11:33:22)#4698]  INFO -- : (listen.rb,166),Client_Port(55275) in:(0800,5,C,2,822,26001234,000822018880001,711-758-902,CMDEND)
cmdType(0800)
fieldCnt(5)
dlType(C)
traceNum(2)
bankID(822)
TID(26001234)
MID(000822018880001)
SN(711-758-902)
CMDEND(CMDEND)
out:(0810,6,00,2,20130814113321,822,822,/home/822/000822018880001/26001234,CMDEND)

I, [2013/08/14(11:33:22)#4698]  INFO -- : (listen.rb,166),Client_Port(55274) in:(0800,5,C,3,822,26001234,000822018880001,711-758-902,CMDEND)
cmdType(0800)
fieldCnt(5)
dlType(C)
traceNum(3)
bankID(822)
TID(26001234)
MID(000822018880001)
SN(711-758-902)
CMDEND(CMDEND)
out:(0810,6,00,3,20130814113321,822,822,/home/822/000822018880001/26001234,CMDEND)

I, [2013/08/14(11:33:23)#4698]  INFO -- : (listen.rb,166),Client_Port(55273) in:(0800,5,C,4,822,26001234,000822018880001,711-758-902,CMDEND)
cmdType(0800)
fieldCnt(5)
dlType(C)
traceNum(4)
bankID(822)
TID(26001234)
MID(000822018880001)
SN(711-758-902)
CMDEND(CMDEND)
out:(0810,6,00,4,20130814113321,822,822,/home/822/000822018880001/26001234,CMDEND)

I, [2013/08/14(11:33:23)#4698]  INFO -- : (listen.rb,166),Client_Port(55278) in:(0800,5,C,5,822,26001234,000822018880001,711-758-902,CMDEND)
cmdType(0800)
fieldCnt(5)
dlType(C)
traceNum(5)
bankID(822)
TID(26001234)
MID(000822018880001)
SN(711-758-902)
CMDEND(CMDEND)
out:(0810,6,00,5,20130814113321,822,822,/home/822/000822018880001/26001234,CMDEND)

I, [2013/08/14(11:33:24)#4698]  INFO -- : (listen.rb,166),Client_Port(55277) in:(0800,5,C,1,822,26001234,000822018880001,711-758-902,CMDEND)
cmdType(0800)
fieldCnt(5)
dlType(C)
traceNum(1)
bankID(822)
TID(26001234)
MID(000822018880001)
SN(711-758-902)
CMDEND(CMDEND)
out:(0810,6,00,1,20130814113321,822,822,/home/822/000822018880001/26001234,CMDEND)

I, [2013/08/14(11:33:24)#4698]  INFO -- : (listen.rb,166),Client_Port(55279) in:(0800,5,C,7,822,26001234,000822018880001,711-758-902,CMDEND)
cmdType(0800)
fieldCnt(5)
dlType(C)
traceNum(7)
bankID(822)
TID(26001234)
MID(000822018880001)
SN(711-758-902)
CMDEND(CMDEND)
out:(0810,6,00,7,20130814113321,822,822,/home/822/000822018880001/26001234,CMDEND)

I, [2013/08/14(11:33:25)#4698]  INFO -- : (listen.rb,166),Client_Port(55280) in:(0800,5,C,9,822,26001234,000822018880001,711-758-902,CMDEND)
cmdType(0800)
fieldCnt(5)
dlType(C)
traceNum(9)
bankID(822)
TID(26001234)
MID(000822018880001)
SN(711-758-902)
CMDEND(CMDEND)
out:(0810,6,00,9,20130814113321,822,822,/home/822/000822018880001/26001234,CMDEND)

I, [2013/08/14(11:33:25)#4698]  INFO -- : (listen.rb,166),Client_Port(55281) in:(0800,5,C,8,822,26001234,000822018880001,711-758-902,CMDEND)
cmdType(0800)
fieldCnt(5)
dlType(C)
traceNum(8)
bankID(822)
TID(26001234)
MID(000822018880001)
SN(711-758-902)
CMDEND(CMDEND)
out:(0810,6,00,8,20130814113321,822,822,/home/822/000822018880001/26001234,CMDEND)

I, [2013/08/14(11:33:26)#4698]  INFO -- : (listen.rb,166),Client_Port(55282) in:(0800,5,C,6,822,26001234,000822018880001,711-758-902,CMDEND)
cmdType(0800)
fieldCnt(5)
dlType(C)
traceNum(6)
bankID(822)
TID(26001234)
MID(000822018880001)
SN(711-758-902)
CMDEND(CMDEND)
out:(0810,6,00,6,20130814113321,822,822,/home/822/000822018880001/26001234,CMDEND)

I, [2013/08/14(11:34:15)#4698]  INFO -- : (listen.rb,166),Client_Port(55283) in:(0820,6,C,4,20130814113321,822,26001234,000822018880001,CMDEND)
cmdType(0820)
fieldCnt(6)
dlType(C)
traceNum(4)
dateTime(20130814113321)
bankID(822)
TID(26001234)
MID(000822018880001)
CMDEND(CMDEND)
out:(0830,1,00,CMDEND)

I, [2013/08/14(11:34:15)#4698]  INFO -- : (listen.rb,166),Client_Port(55284) in:(0820,6,C,0,20130814113321,822,26001234,000822018880001,CMDEND)
cmdType(0820)
fieldCnt(6)
dlType(C)
traceNum(0)
dateTime(20130814113321)
bankID(822)
TID(26001234)
MID(000822018880001)
CMDEND(CMDEND)
out:(0830,1,00,CMDEND)

I, [2013/08/14(11:34:16)#4698]  INFO -- : (listen.rb,166),Client_Port(55287) in:(0820,6,C,1,20130814113321,822,26001234,000822018880001,CMDEND)
cmdType(0820)
fieldCnt(6)
dlType(C)
traceNum(1)
dateTime(20130814113321)
bankID(822)
TID(26001234)
MID(000822018880001)
CMDEND(CMDEND)
out:(0830,1,00,CMDEND)

I, [2013/08/14(11:34:16)#4698]  INFO -- : (listen.rb,166),Client_Port(55286) in:(0820,6,C,6,20130814113321,822,26001234,000822018880001,CMDEND)
cmdType(0820)
fieldCnt(6)
dlType(C)
traceNum(6)
dateTime(20130814113321)
bankID(822)
TID(26001234)
MID(000822018880001)
CMDEND(CMDEND)
out:(0830,1,00,CMDEND)

I, [2013/08/14(11:34:17)#4698]  INFO -- : (listen.rb,166),Client_Port(55285) in:(0820,6,C,2,20130814113321,822,26001234,000822018880001,CMDEND)
cmdType(0820)
fieldCnt(6)
dlType(C)
traceNum(2)
dateTime(20130814113321)
bankID(822)
TID(26001234)
MID(000822018880001)
CMDEND(CMDEND)
out:(0830,1,00,CMDEND)

I, [2013/08/14(11:34:17)#4698]  INFO -- : (listen.rb,166),Client_Port(55288) in:(0820,6,C,3,20130814113321,822,26001234,000822018880001,CMDEND)
cmdType(0820)
fieldCnt(6)
dlType(C)
traceNum(3)
dateTime(20130814113321)
bankID(822)
TID(26001234)
MID(000822018880001)
CMDEND(CMDEND)
out:(0830,1,00,CMDEND)

I, [2013/08/14(11:34:18)#4698]  INFO -- : (listen.rb,166),Client_Port(55290) in:(0820,6,C,8,20130814113321,822,26001234,000822018880001,CMDEND)
cmdType(0820)
fieldCnt(6)
dlType(C)
traceNum(8)
dateTime(20130814113321)
bankID(822)
TID(26001234)
MID(000822018880001)
CMDEND(CMDEND)
out:(0830,1,00,CMDEND)

I, [2013/08/14(11:34:18)#4698]  INFO -- : (listen.rb,166),Client_Port(55289) in:(0820,6,C,5,20130814113321,822,26001234,000822018880001,CMDEND)
cmdType(0820)
fieldCnt(6)
dlType(C)
traceNum(5)
dateTime(20130814113321)
bankID(822)
TID(26001234)
MID(000822018880001)
CMDEND(CMDEND)
out:(0830,1,00,CMDEND)

I, [2013/08/14(11:34:19)#4698]  INFO -- : (listen.rb,166),Client_Port(55291) in:(0820,6,C,9,20130814113321,822,26001234,000822018880001,CMDEND)
cmdType(0820)
fieldCnt(6)
dlType(C)
traceNum(9)
dateTime(20130814113321)
bankID(822)
TID(26001234)
MID(000822018880001)
CMDEND(CMDEND)
out:(0830,1,00,CMDEND)

I, [2013/08/14(11:34:19)#4698]  INFO -- : (listen.rb,166),Client_Port(55292) in:(0820,6,C,7,20130814113321,822,26001234,000822018880001,CMDEND)
cmdType(0820)
fieldCnt(6)
dlType(C)
traceNum(7)
dateTime(20130814113321)
bankID(822)
TID(26001234)
MID(000822018880001)
CMDEND(CMDEND)
out:(0830,1,00,CMDEND)

